Unsupposrted library path: D:\Minecraft Modding\PlasmaCannonAddon\build\resources\api
Symbol range map extraction starting
Processing 39 files
startProcessing "com/ice2670/plasmacannon/Main.java" md5: 41d2ae9d172afe1d4f1258ee9df7137c
endProcessing "com/ice2670/plasmacannon/Main.java"

startProcessing "com/ice2670/plasmacannon/blocks/BlockAdvCompositeArmor.java" md5: 37de0035897e52b530132393a5019ed6
endProcessing "com/ice2670/plasmacannon/blocks/BlockAdvCompositeArmor.java"

startProcessing "com/ice2670/plasmacannon/blocks/BlockBase.java" md5: 5a11423cba1774c7889054ebdaecb76f
endProcessing "com/ice2670/plasmacannon/blocks/BlockBase.java"

startProcessing "com/ice2670/plasmacannon/blocks/BlockBrokenACA1.java" md5: fe506185da5d383322acab9107dc036e
endProcessing "com/ice2670/plasmacannon/blocks/BlockBrokenACA1.java"

startProcessing "com/ice2670/plasmacannon/blocks/BlockBrokenACA2.java" md5: 01d6fd193d847e1c513625b5f2a65660
endProcessing "com/ice2670/plasmacannon/blocks/BlockBrokenACA2.java"

startProcessing "com/ice2670/plasmacannon/blocks/BlockBrokenACA3.java" md5: ea1aa5132999515505b7871fc512db15
endProcessing "com/ice2670/plasmacannon/blocks/BlockBrokenACA3.java"

startProcessing "com/ice2670/plasmacannon/blocks/BlockBrokenCA.java" md5: 9e2b1086e7d8d510fbf9aab25abd7b69
endProcessing "com/ice2670/plasmacannon/blocks/BlockBrokenCA.java"

startProcessing "com/ice2670/plasmacannon/blocks/BlockBrokenTG.java" md5: ce9090d0da18b22ea189b60bac262a9f
endProcessing "com/ice2670/plasmacannon/blocks/BlockBrokenTG.java"

startProcessing "com/ice2670/plasmacannon/blocks/BlockCompositeArmor.java" md5: 37e7d7d97837b72e725231c7892d28b5
endProcessing "com/ice2670/plasmacannon/blocks/BlockCompositeArmor.java"

startProcessing "com/ice2670/plasmacannon/blocks/BlockPC.java" md5: 3cd396a0df6a00c7d2c90571cc09dcaf
endProcessing "com/ice2670/plasmacannon/blocks/BlockPC.java"

startProcessing "com/ice2670/plasmacannon/blocks/BlockPlasmaCannon.java" md5: 18061a10d3c988471d15d5b4d4b95a50
endProcessing "com/ice2670/plasmacannon/blocks/BlockPlasmaCannon.java"

startProcessing "com/ice2670/plasmacannon/blocks/BlockShipArmor.java" md5: 813c0eb7699b88cc6839691223247946
endProcessing "com/ice2670/plasmacannon/blocks/BlockShipArmor.java"

startProcessing "com/ice2670/plasmacannon/blocks/BlockTorpedoLauncher.java" md5: 44fbc1f72aa76bca053d5f077cebf1dc
endProcessing "com/ice2670/plasmacannon/blocks/BlockTorpedoLauncher.java"

startProcessing "com/ice2670/plasmacannon/entity/EntityAutoTorpedo.java" md5: b92ae08cc453648607fc664b08fad000
endProcessing "com/ice2670/plasmacannon/entity/EntityAutoTorpedo.java"

startProcessing "com/ice2670/plasmacannon/entity/EntityFastTorpedo.java" md5: 69f95f72b4c7a3ca6ad70b62d0ad1d57
endProcessing "com/ice2670/plasmacannon/entity/EntityFastTorpedo.java"

startProcessing "com/ice2670/plasmacannon/entity/EntityLargePlasmaBall.java" md5: 5216581a350ca319bb8e0905639b8b27
endProcessing "com/ice2670/plasmacannon/entity/EntityLargePlasmaBall.java"

startProcessing "com/ice2670/plasmacannon/entity/EntityPlasmaBall.java" md5: 3997f6d16224da019a0d7c35b41e85c8
endProcessing "com/ice2670/plasmacannon/entity/EntityPlasmaBall.java"

startProcessing "com/ice2670/plasmacannon/entity/render/RenderFastTorpedo.java" md5: 149ef4d0c43064936802a5f74daae9d5
endProcessing "com/ice2670/plasmacannon/entity/render/RenderFastTorpedo.java"

startProcessing "com/ice2670/plasmacannon/entity/render/RenderLargePlasmaBall.java" md5: 656c5394e148e963b0bc12612909a75f
endProcessing "com/ice2670/plasmacannon/entity/render/RenderLargePlasmaBall.java"

startProcessing "com/ice2670/plasmacannon/entity/render/RenderPlasmaBall.java" md5: 484bf39565ec39c32f87a83bb667bb29
endProcessing "com/ice2670/plasmacannon/entity/render/RenderPlasmaBall.java"

startProcessing "com/ice2670/plasmacannon/init/BlockInit.java" md5: ce1cabcf972203bee1faa9934d5aeb66
endProcessing "com/ice2670/plasmacannon/init/BlockInit.java"

startProcessing "com/ice2670/plasmacannon/init/EntityInit.java" md5: f6e9378ad073e456bbed02ca09e99758
endProcessing "com/ice2670/plasmacannon/init/EntityInit.java"

startProcessing "com/ice2670/plasmacannon/init/ItemInit.java" md5: b4fdc853e9f3392642da19e2a1bc2d37
endProcessing "com/ice2670/plasmacannon/init/ItemInit.java"

startProcessing "com/ice2670/plasmacannon/init/SmeltingRecipes.java" md5: 28756ec88ee36ecd50a320754527bac9
endProcessing "com/ice2670/plasmacannon/init/SmeltingRecipes.java"

startProcessing "com/ice2670/plasmacannon/items/IridiumPlate.java" md5: 75611d0a6b35836ab27753160e661411
endProcessing "com/ice2670/plasmacannon/items/IridiumPlate.java"

startProcessing "com/ice2670/plasmacannon/items/ItemAdvCompositeArmor.java" md5: 56987eabe32bf47e7bf62a5f24d6382f
endProcessing "com/ice2670/plasmacannon/items/ItemAdvCompositeArmor.java"

startProcessing "com/ice2670/plasmacannon/items/ItemBase.java" md5: 582015d3408a3fe3ca6a7eba4426ccf8
endProcessing "com/ice2670/plasmacannon/items/ItemBase.java"

startProcessing "com/ice2670/plasmacannon/items/ItemCompositeArmor.java" md5: abf45813e4ce7f8560f26fe16ab5b301
endProcessing "com/ice2670/plasmacannon/items/ItemCompositeArmor.java"

startProcessing "com/ice2670/plasmacannon/items/ItemPlasmaCannon.java" md5: ffc5d17405c2f4f6d3797aeac199bb13
endProcessing "com/ice2670/plasmacannon/items/ItemPlasmaCannon.java"

startProcessing "com/ice2670/plasmacannon/items/ItemTorpedoLauncher.java" md5: e13c59f05e5ec430e72f4ce7c5f63ad4
endProcessing "com/ice2670/plasmacannon/items/ItemTorpedoLauncher.java"

startProcessing "com/ice2670/plasmacannon/proxy/ClientProxy.java" md5: 905f996d9678f474e6b5a4e1d51888e9
endProcessing "com/ice2670/plasmacannon/proxy/ClientProxy.java"

startProcessing "com/ice2670/plasmacannon/proxy/CommonProxy.java" md5: c8f5f1208164ae21f7475bef0b610b36
endProcessing "com/ice2670/plasmacannon/proxy/CommonProxy.java"

startProcessing "com/ice2670/plasmacannon/tileentities/TileEntityPlasmaCannon.java" md5: 39b9801ded334df5780b3e3c3afe2a27
endProcessing "com/ice2670/plasmacannon/tileentities/TileEntityPlasmaCannon.java"

startProcessing "com/ice2670/plasmacannon/tileentities/TileEntityTorpedoLauncher.java" md5: e6ef72a115cbbfc98268ca6f70d00d23
endProcessing "com/ice2670/plasmacannon/tileentities/TileEntityTorpedoLauncher.java"

startProcessing "com/ice2670/plasmacannon/util/IHasModel.java" md5: 87d1b88d60cb5227bfd3e0b897ffee72
endProcessing "com/ice2670/plasmacannon/util/IHasModel.java"

startProcessing "com/ice2670/plasmacannon/util/Reference.java" md5: b9877f973ac3697b9b93e7088ac85a08
endProcessing "com/ice2670/plasmacannon/util/Reference.java"

startProcessing "com/ice2670/plasmacannon/util/handlers/RegistryHandler.java" md5: 19d1ff3ebe0da3f6e3813d63f5570b85
endProcessing "com/ice2670/plasmacannon/util/handlers/RegistryHandler.java"

startProcessing "com/ice2670/plasmacannon/util/handlers/SoundsHandler.java" md5: baf755da0cc11ebb7b9d42e75bac7d3e
endProcessing "com/ice2670/plasmacannon/util/handlers/SoundsHandler.java"

startProcessing "com/ice2670/plasmacannon/util/handlers/TileEntityHandler.java" md5: 8223b81f06759800c3c1506d6d39d222
endProcessing "com/ice2670/plasmacannon/util/handlers/TileEntityHandler.java"

